0 info it worked if it ends with ok
1 verbose cli [ '/Users/liupuyan/.nvm/versions/node/v5.11.0/bin/node',
1 verbose cli   '/Users/liupuyan/.nvm/versions/node/v5.11.0/bin/npm',
1 verbose cli   'run',
1 verbose cli   'start:prod' ]
2 info using npm@3.8.6
3 info using node@v5.11.0
4 verbose run-script [ 'prestart:prod', 'start:prod', 'poststart:prod' ]
5 info lifecycle mall-demo@1.0.0~prestart:prod: mall-demo@1.0.0
6 silly lifecycle mall-demo@1.0.0~prestart:prod: no script for prestart:prod, continuing
7 info lifecycle mall-demo@1.0.0~start:prod: mall-demo@1.0.0
8 verbose lifecycle mall-demo@1.0.0~start:prod: unsafe-perm in lifecycle true
9 verbose lifecycle mall-demo@1.0.0~start:prod: PATH: /Users/liupuyan/.nvm/versions/node/v5.11.0/lib/node_modules/npm/bin/node-gyp-bin:/Users/liupuyan/Desktop/reactjs/mall-demo/node_modules/.bin:/Users/liupuyan/.nvm/versions/node/v5.11.0/bin:/Users/liupuyan/.rvm/gems/ruby-2.2.4/bin:/Users/liupuyan/.rvm/gems/ruby-2.2.4@global/bin:/Users/liupuyan/.rvm/rubies/ruby-2.2.4/bin:/Users/liupuyan/.nvm/versions/node/v5.11.0/bin:/usr/local/bin:/usr/bin:/bin:/usr/sbin:/sbin:/Users/liupuyan/.rvm/bin
10 verbose lifecycle mall-demo@1.0.0~start:prod: CWD: /Users/liupuyan/Desktop/reactjs/mall-demo
11 silly lifecycle mall-demo@1.0.0~start:prod: Args: [ '-c',
11 silly lifecycle   'export NODE_ENV=production && npm run build && webpack-dashboard -- node server.js' ]
12 silly lifecycle mall-demo@1.0.0~start:prod: Returned: code: 1  signal: null
13 info lifecycle mall-demo@1.0.0~start:prod: Failed to exec start:prod script
14 verbose stack Error: mall-demo@1.0.0 start:prod: `export NODE_ENV=production && npm run build && webpack-dashboard -- node server.js`
14 verbose stack Exit status 1
14 verbose stack     at EventEmitter.<anonymous> (/Users/liupuyan/.nvm/versions/node/v5.11.0/lib/node_modules/npm/lib/utils/lifecycle.js:239:16)
14 verbose stack     at emitTwo (events.js:100:13)
14 verbose stack     at EventEmitter.emit (events.js:185:7)
14 verbose stack     at ChildProcess.<anonymous> (/Users/liupuyan/.nvm/versions/node/v5.11.0/lib/node_modules/npm/lib/utils/spawn.js:24:14)
14 verbose stack     at emitTwo (events.js:100:13)
14 verbose stack     at ChildProcess.emit (events.js:185:7)
14 verbose stack     at maybeClose (internal/child_process.js:850:16)
14 verbose stack     at Process.ChildProcess._handle.onexit (internal/child_process.js:215:5)
15 verbose pkgid mall-demo@1.0.0
16 verbose cwd /Users/liupuyan/Desktop/reactjs/mall-demo
17 error Darwin 15.6.0
18 error argv "/Users/liupuyan/.nvm/versions/node/v5.11.0/bin/node" "/Users/liupuyan/.nvm/versions/node/v5.11.0/bin/npm" "run" "start:prod"
19 error node v5.11.0
20 error npm  v3.8.6
21 error code ELIFECYCLE
22 error mall-demo@1.0.0 start:prod: `export NODE_ENV=production && npm run build && webpack-dashboard -- node server.js`
22 error Exit status 1
23 error Failed at the mall-demo@1.0.0 start:prod script 'export NODE_ENV=production && npm run build && webpack-dashboard -- node server.js'.
23 error Make sure you have the latest version of node.js and npm installed.
23 error If you do, this is most likely a problem with the mall-demo package,
23 error not with npm itself.
23 error Tell the author that this fails on your system:
23 error     export NODE_ENV=production && npm run build && webpack-dashboard -- node server.js
23 error You can get information on how to open an issue for this project with:
23 error     npm bugs mall-demo
23 error Or if that isn't available, you can get their info via:
23 error     npm owner ls mall-demo
23 error There is likely additional logging output above.
24 verbose exit [ 1, true ]
